<?xml version="1.0" encoding="UTF-8"?>
<!-- Generated by org.testng.reporters.JUnitReportReporter -->
<testsuite hostname="LAPTOP-PDMKP857" failures="0" tests="1" name="Login.LoginTest" time="32.726" errors="0" timestamp="25 Jun 2018 04:35:01 GMT" skipped="0">
  <testcase classname="Login.LoginTest" name="login" time="32.726"/>
</testsuite> <!-- Login.LoginTest -->
