<?xml version="1.0" encoding="UTF-8"?>
<!-- Generated by org.testng.reporters.JUnitReportReporter -->
<testsuite hostname="LAPTOP-PDMKP857" failures="0" tests="1" name="Login.LoginTest" time="17.001" errors="0" timestamp="25 Jun 2018 07:38:46 GMT" skipped="0">
  <testcase classname="Login.LoginTest" name="login" time="17.001"/>
</testsuite> <!-- Login.LoginTest -->
